<?xml version="1.0" encoding="UTF-8"?>
<!-- Generated by org.testng.reporters.JUnitReportReporter -->
<testsuite hostname="KARIM-MSI" failures="0" tests="3" name="testcases.Hybrid_Validate_Total_Amount_Steps" time="118.695" errors="0" timestamp="2023-09-13T16:38:52 BST" skipped="0">
  <testcase classname="testcases.Hybrid_Validate_Total_Amount_Steps" name="Validate_Total_AmountTest" time="38.571"/>
  <system-out/>
  <testcase classname="testcases.Hybrid_Validate_Total_Amount_Steps" name="Validate_Total_AmountTest" time="31.808"/>
  <system-out/>
  <testcase classname="testcases.Hybrid_Validate_Total_Amount_Steps" name="Validate_Total_AmountTest" time="48.316"/>
  <system-out/>
</testsuite> <!-- testcases.Hybrid_Validate_Total_Amount_Steps -->
