<?xml version="1.0" encoding="UTF-8"?>
<!-- Generated by org.testng.reporters.JUnitReportReporter -->
<testsuite hostname="KARIM-MSI" failures="0" tests="2" name="testcases.FillForm_Validation" time="43.921" errors="0" timestamp="2023-09-12T17:35:57 BST" skipped="0">
  <testcase classname="testcases.FillForm_Validation" name="FillForm_PositiveTest" time="26.261"/>
  <testcase classname="testcases.FillForm_Validation" name="FillForm_NegativeTest" time="17.660"/>
</testsuite> <!-- testcases.FillForm_Validation -->
