<?xml version="1.0" encoding="UTF-8"?>
<!-- Generated by org.testng.reporters.JUnitReportReporter -->
<testsuite hostname="KARIM-MSI" failures="0" tests="3" name="testcases.Hybrid_Validate_Total_Amount_Steps" time="121.731" errors="0" timestamp="2023-09-13T00:52:50 BST" skipped="0">
  <testcase classname="testcases.Hybrid_Validate_Total_Amount_Steps" name="Validate_Total_AmountTest" time="41.570"/>
  <testcase classname="testcases.Hybrid_Validate_Total_Amount_Steps" name="Validate_Total_AmountTest" time="32.492"/>
  <testcase classname="testcases.Hybrid_Validate_Total_Amount_Steps" name="Validate_Total_AmountTest" time="47.669"/>
</testsuite> <!-- testcases.Hybrid_Validate_Total_Amount_Steps -->
