<?xml version="1.0" encoding="UTF-8"?>
<!-- Generated by org.testng.reporters.JUnitReportReporter -->
<testsuite hostname="KARIM-MSI" failures="0" tests="3" name="testcases.Hybrid_Validate_Total_Amount_Steps" time="107.047" errors="0" timestamp="2023-09-14T10:59:32 BST" skipped="0">
  <testcase classname="testcases.Hybrid_Validate_Total_Amount_Steps" name="Validate_Total_AmountTest" time="34.719"/>
  <system-out/>
  <testcase classname="testcases.Hybrid_Validate_Total_Amount_Steps" name="Validate_Total_AmountTest" time="29.373"/>
  <system-out/>
  <testcase classname="testcases.Hybrid_Validate_Total_Amount_Steps" name="Validate_Total_AmountTest" time="42.955"/>
  <system-out/>
</testsuite> <!-- testcases.Hybrid_Validate_Total_Amount_Steps -->
